[debug] [2024-05-28T14:59:34.443Z] ----------------------------------------------------------------------
[debug] [2024-05-28T14:59:34.445Z] Command:       /home/linuxbrew/.linuxbrew/Cellar/node/22.2.0/bin/node /home/linuxbrew/.linuxbrew/bin/firebase login
[debug] [2024-05-28T14:59:34.445Z] CLI Version:   13.10.1
[debug] [2024-05-28T14:59:34.445Z] Platform:      linux
[debug] [2024-05-28T14:59:34.446Z] Node Version:  v22.2.0
[debug] [2024-05-28T14:59:34.446Z] Time:          Tue May 28 2024 10:59:34 GMT-0400 (Eastern Daylight Time)
[debug] [2024-05-28T14:59:34.446Z] ----------------------------------------------------------------------
[debug] 
[info] i  Firebase optionally collects CLI and Emulator Suite usage and error reporting information to help improve our products. Data is collected in accordance with Google's privacy policy (https://policies.google.com/privacy) and is not used to identify you.
 
[info] i  To change your data collection preference at any time, run `firebase logout` and log in again. 
[info] 
[info] Visit this URL on this device to log in:
[info] https://accounts.google.com/o/oauth2/auth?client_id=563584335869-fgrhgmd47bqnekij5i8b5pr03ho849e6.apps.googleusercontent.com&scope=email%20openid%20https%3A%2F%2Fwww.googleapis.com%2Fauth%2Fcloudplatformprojects.readonly%20https%3A%2F%2Fwww.googleapis.com%2Fauth%2Ffirebase%20https%3A%2F%2Fwww.googleapis.com%2Fauth%2Fcloud-platform&response_type=code&state=816027504&redirect_uri=http%3A%2F%2Flocalhost%3A9005
[info] 
[info] Waiting for authentication...
[debug] [2024-05-28T14:59:40.332Z] >>> [apiv2][query] POST https://auth.firebase.tools/attest [none]
[debug] [2024-05-28T14:59:40.332Z] >>> [apiv2][body] POST https://auth.firebase.tools/attest {"session_id":"235ee1af-fb6e-433b-8775-86b2f2b92893"}
[debug] [2024-05-28T14:59:40.544Z] <<< [apiv2][status] POST https://auth.firebase.tools/attest 200
[debug] [2024-05-28T14:59:40.545Z] <<< [apiv2][body] POST https://auth.firebase.tools/attest {"token":"dsahtJrR3YBVBJZI3SZWXkgti-l7HddaExZP-KggnXI"}
[info] 
[info] To sign in to the Firebase CLI:
[info] 
[info] 1. Take note of your session ID:
[info] 
[info]    235EE
[info] 
[info] 2. Visit the URL below on any device and follow the instructions to get your code:
[info] 
[info]    https://auth.firebase.tools/login?code_challenge=vJiItdhT-z0TsCJVxb7g8L6tZTI9L4AAHMG-jOsuovc&session=235ee1af-fb6e-433b-8775-86b2f2b92893&attest=dsahtJrR3YBVBJZI3SZWXkgti-l7HddaExZP-KggnXI
[info] 
[info] 3. Paste or enter the authorization code below once you have it:
[info] 
